app/build/outputs/mapping/normalRelease/seeds.txt
com.google.android.gms.internal.play_billing.zzcj: com.google.android.gms.internal.play_billing.zzcj zzo
org.jaudiotagger.tag.id3.framebody.FrameBodyTXXX: java.lang.String MUSICBRAINZ_WORK_PART_LEVEL6_TYPE
com.google.android.gms.internal.cast.zzsc: com.google.android.gms.internal.cast.zzsc zzs
com.google.android.gms.signin.internal.zag: android.os.Parcelable$Creator CREATOR
kotlin.io.FileWalkDirection: kotlin.io.FileWalkDirection TOP_DOWN
org.jaudiotagger.tag.mp4.Mp4FieldKey: org.jaudiotagger.tag.mp4.Mp4FieldKey PRODUCER
org.jaudiotagger.audio.wav.WavTagWriter$BothTagsFileStructure: org.jaudiotagger.audio.wav.WavTagWriter this$0
org.jaudiotagger.tag.id3.framebody.FrameBodyTXXX: java.lang.String RANKING
com.google.android.gms.internal.cast.zzob: java.lang.String zzf
org.jaudiotagger.audio.flac.metadatablock.MetadataBlockHeader: java.util.logging.Logger logger
code.name.monkey.retromusic.network.model.LastFmAlbum$Album$Tag: java.lang.String url
com.google.android.gms.internal.cast.zzmi: boolean zzf
org.jaudiotagger.tag.id3.ID3v22FieldKey: org.jaudiotagger.tag.id3.ID3v22FieldKey BPM
com.bumptech.glide.load.EncodeStrategy: com.bumptech.glide.load.EncodeStrategy[] $VALUES
org.jcodec.containers.mp4.boxes.CleanApertureExtension: int apertureWidthNumerator
org.jaudiotagger.tag.id3.ID3v23Frames: java.lang.String FRAME_ID_V3_PUBLISHER
org.jaudiotagger.tag.id3.framebody.FrameBodyETCO: int MPEG_FRAMES
org.jaudiotagger.tag.asf.AsfFieldKey: org.jaudiotagger.tag.asf.AsfFieldKey IS_SOUNDTRACK
org.jaudiotagger.audio.generic.AudioFileWriter: java.util.logging.Logger logger
org.jaudiotagger.audio.mp4.Mp4AtomIdentifier: org.jaudiotagger.audio.mp4.Mp4AtomIdentifier CDEF
org.jaudiotagger.tag.id3.framebody.FrameBodyTXXX: java.lang.String PERFORMER_NAME
com.google.android.gms.internal.cast.zzmq: com.google.android.gms.internal.cast.zzme zzo
org.jaudiotagger.logging.ErrorMessage: org.jaudiotagger.logging.ErrorMessage GENERAL_UNIDENITIFED_IMAGE_FORMAT
org.jaudiotagger.tag.reference.MusicalKey: int MAX_KEY_LENGTH
com.google.android.gms.internal.cast.zzsc: com.google.android.gms.internal.cast.zzsc zze
com.google.android.datatransport.runtime.backends.BackendResponse$Status: com.google.android.datatransport.runtime.backends.BackendResponse$Status INVALID_PAYLOAD
org.jcodec.containers.mp4.boxes.TimecodeMediaInfoBox: short face
code.name.monkey.retromusic.model.AbsCustomPlaylist$special$$inlined$inject$default$1: org.koin.core.component.KoinComponent $this_inject
org.jaudiotagger.tag.asf.AsfFieldKey: org.jaudiotagger.tag.asf.AsfFieldKey TRACK_TOTAL
org.jaudiotagger.audio.mp3.XingFrame: int BYTE_4
org.jaudiotagger.tag.id3.ID3v24FieldKey: org.jaudiotagger.tag.id3.ID3v24FieldKey CHOIR
org.jaudiotagger.tag.reference.ISOCountry$Country: org.jaudiotagger.tag.reference.ISOCountry$Country UZBEKISTAN
org.jaudiotagger.audio.wav.chunk.WavInfoIdentifier: org.jaudiotagger.audio.wav.chunk.WavInfoIdentifier LABEL
org.jaudiotagger.audio.mp3.MPEGFrameHeader: int LAYER_III_SLOT_SIZE
androidx.fragment.app.Fragment: androidx.fragment.app.FragmentManager mChildFragmentManager
org.jaudiotagger.audio.asf.io.ChunkContainerReader: boolean hasFailingReaders
com.google.android.gms.internal.play_billing.zzfw: com.google.android.gms.internal.play_billing.zzfw zzc
org.jaudiotagger.tag.id3.ID3v24Tag: java.lang.String TYPE_EXTENDED
org.jaudiotagger.tag.id3.ID3v23FieldKey: org.jaudiotagger.tag.id3.ID3v23FieldKey MIXER
org.jaudiotagger.tag.FieldKey: org.jaudiotagger.tag.FieldKey ARRANGER
org.jcodec.containers.mp4.boxes.SegmentIndexBox: long reference_ID
com.google.android.gms.internal.cast.zzpf: boolean zzh
org.jaudiotagger.audio.AudioFile: java.io.File file
com.google.android.gms.internal.play_billing.zzcj: com.google.android.gms.internal.play_billing.zzcj zzJ
org.jaudiotagger.utils.tree.DefaultMutableTreeNode$PreorderEnumeration: org.jaudiotagger.utils.tree.DefaultMutableTreeNode this$0
org.jaudiotagger.tag.id3.ID3v23FieldKey: org.jaudiotagger.tag.id3.ID3v23FieldKey GENRE