app/build/outputs/mapping/normalRelease/usage.txt
com.yalantis.ucrop.R$id
com.yalantis.ucrop.R$layout
com.yalantis.ucrop.R$menu
com.yalantis.ucrop.R$string
com.yalantis.ucrop.R$styleable:
    public static final int[] ActionBar
    public static final int[] ActionBarLayout
    public static final int[] ActionMenuItemView
    public static final int[] ActionMenuView
    public static final int[] ActionMode
    public static final int[] ActivityChooserView
    public static final int[] AlertDialog
    public static final int[] AnimatedStateListDrawableCompat
    public static final int[] AnimatedStateListDrawableItem
    public static final int[] AnimatedStateListDrawableTransition
    public static final int[] AppCompatImageView
    public static final int[] AppCompatSeekBar
    public static final int[] AppCompatTextHelper
    public static final int[] AppCompatTextView
    public static final int[] AppCompatTheme
    public static final int[] ButtonBarLayout
    public static final int[] ColorStateListItem
    public static final int[] CompoundButton
    public static final int[] DrawerArrowToggle
    public static final int[] FontFamily
    public static final int[] FontFamilyFont
    public static final int[] GradientColor
    public static final int[] GradientColorItem
    public static final int[] LinearLayoutCompat
    public static final int[] LinearLayoutCompat_Layout
    public static final int[] ListPopupWindow
    public static final int[] MenuGroup
    public static final int[] MenuItem
    public static final int[] MenuView
    public static final int[] PopupWindow
com.yalantis.ucrop.UCrop$Options
com.yalantis.ucrop.UCrop
com.yalantis.ucrop.UCropActivity$8:
    public static void onBitmapCropped()
    public static void onCropFailure()
com.yalantis.ucrop.UCropActivity:
    public static void cropAndSaveImage()
    public static void setResultUri()
com.yalantis.ucrop.UCropFragment$$InternalSyntheticThrowCCEIfNotNull$28$00bfaa906d5722a97db973837da8b21cf69374e7ead76b2eda33a8fbbcb1a66c$0
com.yalantis.ucrop.UCropFragment$$InternalSyntheticThrowCCEIfNotNull$28$00bfaa906d5722a97db973837da8b21cf69374e7ead76b2eda33a8fbbcb1a66c$1
com.yalantis.ucrop.UCropFragment$2
com.yalantis.ucrop.UCropFragment$3
com.yalantis.ucrop.UCropFragment$4
com.yalantis.ucrop.UCropFragment$5
com.yalantis.ucrop.UCropFragment$6
com.yalantis.ucrop.UCropFragment$UCropResult
com.yalantis.ucrop.UCropFragment:
    public static final android.graphics.Bitmap$CompressFormat DEFAULT_COMPRESS_FORMAT
    public com.yalantis.ucrop.UCropFragmentCallback callback
    public int mActiveControlsWidgetColor
    public int[] mAllowedGestures
    public android.view.View mBlockingView
    public android.graphics.Bitmap$CompressFormat mCompressFormat
    public int mCompressQuality
    public androidx.transition.Transition mControlsTransition
    public java.util.ArrayList mCropAspectRatioViews
    public android.view.ViewGroup mLayoutAspectRatio
    public android.view.ViewGroup mLayoutRotate
    public android.view.ViewGroup mLayoutScale
    public com.yalantis.ucrop.view.OverlayView mOverlayView
    public final com.yalantis.ucrop.UCropFragment$7 mStateClickListener
    public android.widget.TextView mTextViewRotateAngle
    public android.widget.TextView mTextViewScalePercent
    public android.view.ViewGroup mWrapperStateAspectRatio
    public android.view.ViewGroup mWrapperStateRotate
    public android.view.ViewGroup mWrapperStateScale
    public static synthetic void access$400()
    public static void addBlockingView()
    public final void setAllowedGestures$1()
    public static void setImageData()
    public static void setInitialState$1()
    public static void setupViews()
com.yalantis.ucrop.UCropFragmentCallback
com.yalantis.ucrop.callback.BitmapCropCallback
com.yalantis.ucrop.callback.BitmapLoadCallback
com.yalantis.ucrop.callback.CropBoundsChangeListener:
    public abstract void onCropAspectRatioChanged(float)